Determining if the pthread_create exist failed with the following output:
Change Dir: /home/michal/Projects/DigitAdv2/digitAdventuresRemastered/linux-build/CMakeFiles/CMakeTmp

Run Build Command:"/usr/bin/make" "cmTC_59506/fast"
/usr/bin/make -f CMakeFiles/cmTC_59506.dir/build.make CMakeFiles/cmTC_59506.dir/build
make[1]: Wejście do katalogu '/home/michal/Projects/DigitAdv2/digitAdventuresRemastered/linux-build/CMakeFiles/CMakeTmp'
Building C object CMakeFiles/cmTC_59506.dir/CheckSymbolExists.c.o
/usr/bin/cc    -std=gnu99    -o CMakeFiles/cmTC_59506.dir/CheckSymbolExists.c.o   -c /home/michal/Projects/DigitAdv2/digitAdventuresRemastered/linux-build/CMakeFiles/CMakeTmp/CheckSymbolExists.c
Linking C executable cmTC_59506
/usr/bin/cmake -E cmake_link_script CMakeFiles/cmTC_59506.dir/link.txt --verbose=1
/usr/bin/cc   -std=gnu99     CMakeFiles/cmTC_59506.dir/CheckSymbolExists.c.o  -o cmTC_59506 -rdynamic 
CMakeFiles/cmTC_59506.dir/CheckSymbolExists.c.o: In function `main':
CheckSymbolExists.c:(.text+0x1b): undefined reference to `pthread_create'
collect2: error: ld returned 1 exit status
CMakeFiles/cmTC_59506.dir/build.make:97: polecenia dla obiektu 'cmTC_59506' nie powiodły się
make[1]: *** [cmTC_59506] Błąd 1
make[1]: Opuszczenie katalogu '/home/michal/Projects/DigitAdv2/digitAdventuresRemastered/linux-build/CMakeFiles/CMakeTmp'
Makefile:126: polecenia dla obiektu 'cmTC_59506/fast' nie powiodły się
make: *** [cmTC_59506/fast] Błąd 2

File /home/michal/Projects/DigitAdv2/digitAdventuresRemastered/linux-build/CMakeFiles/CMakeTmp/CheckSymbolExists.c:
/* */
#include <pthread.h>

int main(int argc, char** argv)
{
  (void)argv;
#ifndef pthread_create
  return ((int*)(&pthread_create))[argc];
#else
  (void)argc;
  return 0;
#endif
}

Determining if the function pthread_create exists in the pthreads failed with the following output:
Change Dir: /home/michal/Projects/DigitAdv2/digitAdventuresRemastered/linux-build/CMakeFiles/CMakeTmp

Run Build Command:"/usr/bin/make" "cmTC_24968/fast"
/usr/bin/make -f CMakeFiles/cmTC_24968.dir/build.make CMakeFiles/cmTC_24968.dir/build
make[1]: Wejście do katalogu '/home/michal/Projects/DigitAdv2/digitAdventuresRemastered/linux-build/CMakeFiles/CMakeTmp'
Building C object CMakeFiles/cmTC_24968.dir/CheckFunctionExists.c.o
/usr/bin/cc    -std=gnu99 -DCHECK_FUNCTION_EXISTS=pthread_create   -o CMakeFiles/cmTC_24968.dir/CheckFunctionExists.c.o   -c /usr/share/cmake-3.5/Modules/CheckFunctionExists.c
Linking C executable cmTC_24968
/usr/bin/cmake -E cmake_link_script CMakeFiles/cmTC_24968.dir/link.txt --verbose=1
/usr/bin/cc   -std=gnu99 -DCHECK_FUNCTION_EXISTS=pthread_create    CMakeFiles/cmTC_24968.dir/CheckFunctionExists.c.o  -o cmTC_24968 -rdynamic -lpthreads 
/usr/bin/ld: cannot find -lpthreads
collect2: error: ld returned 1 exit status
CMakeFiles/cmTC_24968.dir/build.make:97: polecenia dla obiektu 'cmTC_24968' nie powiodły się
make[1]: *** [cmTC_24968] Błąd 1
make[1]: Opuszczenie katalogu '/home/michal/Projects/DigitAdv2/digitAdventuresRemastered/linux-build/CMakeFiles/CMakeTmp'
Makefile:126: polecenia dla obiektu 'cmTC_24968/fast' nie powiodły się
make: *** [cmTC_24968/fast] Błąd 2


