Determining if the pthread_create exist failed with the following output:
Change Dir: /home/michal/Projects/DigitAdv2/digitAdventuresRemastered/CMakeFiles/CMakeTmp

Run Build Command:"/usr/bin/make" "cmTC_b9fa9/fast"
/usr/bin/make -f CMakeFiles/cmTC_b9fa9.dir/build.make CMakeFiles/cmTC_b9fa9.dir/build
make[1]: Wejście do katalogu '/home/michal/Projects/DigitAdv2/digitAdventuresRemastered/CMakeFiles/CMakeTmp'
Building C object CMakeFiles/cmTC_b9fa9.dir/CheckSymbolExists.c.o
/usr/bin/cc    -std=gnu99    -o CMakeFiles/cmTC_b9fa9.dir/CheckSymbolExists.c.o   -c /home/michal/Projects/DigitAdv2/digitAdventuresRemastered/CMakeFiles/CMakeTmp/CheckSymbolExists.c
Linking C executable cmTC_b9fa9
/usr/bin/cmake -E cmake_link_script CMakeFiles/cmTC_b9fa9.dir/link.txt --verbose=1
/usr/bin/cc   -std=gnu99     CMakeFiles/cmTC_b9fa9.dir/CheckSymbolExists.c.o  -o cmTC_b9fa9 -rdynamic 
CMakeFiles/cmTC_b9fa9.dir/CheckSymbolExists.c.o: In function `main':
CheckSymbolExists.c:(.text+0x1b): undefined reference to `pthread_create'
collect2: error: ld returned 1 exit status
CMakeFiles/cmTC_b9fa9.dir/build.make:97: polecenia dla obiektu 'cmTC_b9fa9' nie powiodły się
make[1]: *** [cmTC_b9fa9] Błąd 1
make[1]: Opuszczenie katalogu '/home/michal/Projects/DigitAdv2/digitAdventuresRemastered/CMakeFiles/CMakeTmp'
Makefile:126: polecenia dla obiektu 'cmTC_b9fa9/fast' nie powiodły się
make: *** [cmTC_b9fa9/fast] Błąd 2

File /home/michal/Projects/DigitAdv2/digitAdventuresRemastered/CMakeFiles/CMakeTmp/CheckSymbolExists.c:
/* */
#include <pthread.h>

int main(int argc, char** argv)
{
  (void)argv;
#ifndef pthread_create
  return ((int*)(&pthread_create))[argc];
#else
  (void)argc;
  return 0;
#endif
}

Determining if the function pthread_create exists in the pthreads failed with the following output:
Change Dir: /home/michal/Projects/DigitAdv2/digitAdventuresRemastered/CMakeFiles/CMakeTmp

Run Build Command:"/usr/bin/make" "cmTC_0691d/fast"
/usr/bin/make -f CMakeFiles/cmTC_0691d.dir/build.make CMakeFiles/cmTC_0691d.dir/build
make[1]: Wejście do katalogu '/home/michal/Projects/DigitAdv2/digitAdventuresRemastered/CMakeFiles/CMakeTmp'
Building C object CMakeFiles/cmTC_0691d.dir/CheckFunctionExists.c.o
/usr/bin/cc    -std=gnu99 -DCHECK_FUNCTION_EXISTS=pthread_create   -o CMakeFiles/cmTC_0691d.dir/CheckFunctionExists.c.o   -c /usr/share/cmake-3.5/Modules/CheckFunctionExists.c
Linking C executable cmTC_0691d
/usr/bin/cmake -E cmake_link_script CMakeFiles/cmTC_0691d.dir/link.txt --verbose=1
/usr/bin/cc   -std=gnu99 -DCHECK_FUNCTION_EXISTS=pthread_create    CMakeFiles/cmTC_0691d.dir/CheckFunctionExists.c.o  -o cmTC_0691d -rdynamic -lpthreads 
/usr/bin/ld: cannot find -lpthreads
collect2: error: ld returned 1 exit status
CMakeFiles/cmTC_0691d.dir/build.make:97: polecenia dla obiektu 'cmTC_0691d' nie powiodły się
make[1]: *** [cmTC_0691d] Błąd 1
make[1]: Opuszczenie katalogu '/home/michal/Projects/DigitAdv2/digitAdventuresRemastered/CMakeFiles/CMakeTmp'
Makefile:126: polecenia dla obiektu 'cmTC_0691d/fast' nie powiodły się
make: *** [cmTC_0691d/fast] Błąd 2


